<?xml version="1.0" encoding="UTF-8"?>
<testng-results ignored="0" total="1" passed="1" failed="0" skipped="0">
  <reporter-output>
  </reporter-output>
  <suite started-at="2023-08-24T23:57:34 IST" name="Default suite" finished-at="2023-08-24T23:57:41 IST" duration-ms="7061">
    <groups>
    </groups>
    <test started-at="2023-08-24T23:57:34 IST" name="Default test" finished-at="2023-08-24T23:57:41 IST" duration-ms="7061">
      <class name="tests.Login">
        <test-method signature="testLogin()[pri:0, instance:tests.Login@5a56cdac]" started-at="2023-08-24T23:57:34 IST" name="testLogin" finished-at="2023-08-24T23:57:41 IST" duration-ms="6985" status="PASS">
          <reporter-output>
          </reporter-output>
        </test-method> <!-- testLogin -->
        <test-method is-config="true" signature="tearDown()[pri:0, instance:tests.Login@5a56cdac]" started-at="2023-08-24T23:57:41 IST" name="tearDown" finished-at="2023-08-24T23:57:41 IST" duration-ms="2" status="PASS">
          <reporter-output>
          </reporter-output>
        </test-method> <!-- tearDown -->
      </class> <!-- tests.Login -->
    </test> <!-- Default test -->
  </suite> <!-- Default suite -->
</testng-results>
